<?xml version="1.0" encoding="UTF-8"?>
<testsuite xmlns:xsi="http://www.w3.org/2001/XMLSchema-instance" xsi:noNamespaceSchemaLocation="https://maven.apache.org/surefire/maven-surefire-plugin/xsd/surefire-test-report-3.0.xsd" version="3.0" name="TestSuite" time="38.015" tests="1" errors="0" skipped="0" failures="0">
  <properties>
[...]
</properties>
  <testcase name="runScenario[&quot;Login with empty credentials&quot;, &quot;Login Functionality&quot;](1)" classname="runner.TestRunner" time="23.863">
    <system-out><![CDATA[
@regression @smoke @loginNegativeTests
Scenario: Login with empty credentials                                                &amp#27;[90m# src/test/resources/features/Login.feature:43&amp#27;[0m

--------------------------------[ Start of Scenario ]---------------------------------

  &amp#27;[32mGiven &amp#27;[0m&amp#27;[32mUser navigates to login modal&amp#27;[0m                                                 &amp#27;[90m# stepdefinitions.LoginTest.userNavigatesToLoginModal()&amp#27;[0m
  &amp#27;[32mWhen &amp#27;[0m&amp#27;[32mUser does not enter email into email field&amp#27;[0m                                     &amp#27;[90m# stepdefinitions.LoginTest.userDoesNotEnterEmailIntoEmailField()&amp#27;[0m
  &amp#27;[32mAnd &amp#27;[0m&amp#27;[32mUser does not enter password into password field&amp#27;[0m                                &amp#27;[90m# stepdefinitions.LoginTest.userDoesNotEnterPasswordIntoPasswordField()&amp#27;[0m
  &amp#27;[32mAnd &amp#27;[0m&amp#27;[32mUser clicks on the Sign In button&amp#27;[0m                                               &amp#27;[90m# stepdefinitions.LoginTest.userClicksOnTheSignInButton()&amp#27;[0m
  &amp#27;[32mThen &amp#27;[0m&amp#27;[32mUser is prompted with a Warning Message related to Required Fields being empty&amp#27;[0m &amp#27;[90m# stepdefinitions.LoginTest.userIsPromptedWithAWarningMessageRelatedToRequiredFieldsBeingEmpty()&amp#27;[0m

---------------------------------[ End of Scenario ]----------------------------------

]]></system-out>
    <system-err><![CDATA[SLF4J: Failed to load class "org.slf4j.impl.StaticLoggerBinder".
SLF4J: Defaulting to no-operation (NOP) logger implementation
SLF4J: See http://www.slf4j.org/codes.html#StaticLoggerBinder for further details.
Aug 11, 2023 7:15:53 PM org.openqa.selenium.remote.service.DriverService$Builder getLogOutput
INFO: Driver logs no longer sent to console by default; https://www.selenium.dev/documentation/webdriver/drivers/service/#setting-log-output
Aug 11, 2023 7:15:54 PM org.openqa.selenium.devtools.CdpVersionFinder findNearestMatch
WARNING: Unable to find an exact match for CDP version 115, so returning the closest version found: 114
]]></system-err>
  </testcase>
</testsuite>